2023-01-05 14:40:57,637 WARNING Not Found: /appeal/<%= BASE_URL %>favicon.ico
2023-01-05 14:40:57,638 WARNING "GET /appeal/%3C%=%20BASE_URL%20%%3Efavicon.ico HTTP/1.1" 404 5872
2023-01-05 14:46:14,411 ERROR Internal Server Error: /appeal/
Traceback (most recent call last):
  File "/Library/Frameworks/Python.framework/Versions/3.10/lib/python3.10/site-packages/django/core/handlers/exception.py", line 55, in inner
    response = get_response(request)
  File "/Library/Frameworks/Python.framework/Versions/3.10/lib/python3.10/site-packages/django/core/handlers/base.py", line 220, in _get_response
    response = response.render()
  File "/Library/Frameworks/Python.framework/Versions/3.10/lib/python3.10/site-packages/django/template/response.py", line 114, in render
    self.content = self.rendered_content
  File "/Library/Frameworks/Python.framework/Versions/3.10/lib/python3.10/site-packages/django/template/response.py", line 92, in rendered_content
    return template.render(context, self._request)
  File "/Library/Frameworks/Python.framework/Versions/3.10/lib/python3.10/site-packages/django/template/backends/django.py", line 62, in render
    return self.template.render(context)
  File "/Library/Frameworks/Python.framework/Versions/3.10/lib/python3.10/site-packages/django/template/base.py", line 175, in render
    return self._render(context)
  File "/Library/Frameworks/Python.framework/Versions/3.10/lib/python3.10/site-packages/django/template/base.py", line 167, in _render
    return self.nodelist.render(context)
  File "/Library/Frameworks/Python.framework/Versions/3.10/lib/python3.10/site-packages/django/template/base.py", line 1000, in render
    return SafeString("".join([node.render_annotated(context) for node in self]))
  File "/Library/Frameworks/Python.framework/Versions/3.10/lib/python3.10/site-packages/django/template/base.py", line 1000, in <listcomp>
    return SafeString("".join([node.render_annotated(context) for node in self]))
  File "/Library/Frameworks/Python.framework/Versions/3.10/lib/python3.10/site-packages/django/template/base.py", line 958, in render_annotated
    return self.render(context)
  File "/Library/Frameworks/Python.framework/Versions/3.10/lib/python3.10/site-packages/django/template/library.py", line 239, in render
    output = self.func(*resolved_args, **resolved_kwargs)
  File "/Library/Frameworks/Python.framework/Versions/3.10/lib/python3.10/site-packages/webpack_loader/templatetags/webpack_loader.py", line 12, in render_bundle
    tags = utils.get_as_tags(bundle_name, extension=extension, config=config, attrs=attrs)
  File "/Library/Frameworks/Python.framework/Versions/3.10/lib/python3.10/site-packages/webpack_loader/utils.py", line 62, in get_as_tags
    bundle = _get_bundle(bundle_name, extension, config)
  File "/Library/Frameworks/Python.framework/Versions/3.10/lib/python3.10/site-packages/webpack_loader/utils.py", line 40, in _get_bundle
    bundle = get_loader(config).get_bundle(bundle_name)
  File "/Library/Frameworks/Python.framework/Versions/3.10/lib/python3.10/site-packages/webpack_loader/loader.py", line 96, in get_bundle
    raise WebpackError(error)
webpack_loader.exceptions.WebpackError: 
            ESLintError in 
            [eslint] 
/Users/deniskanukov/online_reception_of_appeals/mysite/frontend/src/components/DragndropTable.vue
  51:7  error  Duplicated key 'newTicketsProp'     vue/no-dupe-keys
  52:7  error  Duplicated key 'inProgressTickets'  vue/no-dupe-keys
  53:7  error  Duplicated key 'closedTickets'      vue/no-dupe-keys

✖ 3 problems (3 errors, 0 warnings)

            
2023-01-05 14:46:14,439 ERROR "GET /appeal/ HTTP/1.1" 500 122187
2023-01-05 14:48:07,657 ERROR Internal Server Error: /appeal/
Traceback (most recent call last):
  File "/Library/Frameworks/Python.framework/Versions/3.10/lib/python3.10/site-packages/django/core/handlers/exception.py", line 55, in inner
    response = get_response(request)
  File "/Library/Frameworks/Python.framework/Versions/3.10/lib/python3.10/site-packages/django/core/handlers/base.py", line 220, in _get_response
    response = response.render()
  File "/Library/Frameworks/Python.framework/Versions/3.10/lib/python3.10/site-packages/django/template/response.py", line 114, in render
    self.content = self.rendered_content
  File "/Library/Frameworks/Python.framework/Versions/3.10/lib/python3.10/site-packages/django/template/response.py", line 92, in rendered_content
    return template.render(context, self._request)
  File "/Library/Frameworks/Python.framework/Versions/3.10/lib/python3.10/site-packages/django/template/backends/django.py", line 62, in render
    return self.template.render(context)
  File "/Library/Frameworks/Python.framework/Versions/3.10/lib/python3.10/site-packages/django/template/base.py", line 175, in render
    return self._render(context)
  File "/Library/Frameworks/Python.framework/Versions/3.10/lib/python3.10/site-packages/django/template/base.py", line 167, in _render
    return self.nodelist.render(context)
  File "/Library/Frameworks/Python.framework/Versions/3.10/lib/python3.10/site-packages/django/template/base.py", line 1000, in render
    return SafeString("".join([node.render_annotated(context) for node in self]))
  File "/Library/Frameworks/Python.framework/Versions/3.10/lib/python3.10/site-packages/django/template/base.py", line 1000, in <listcomp>
    return SafeString("".join([node.render_annotated(context) for node in self]))
  File "/Library/Frameworks/Python.framework/Versions/3.10/lib/python3.10/site-packages/django/template/base.py", line 958, in render_annotated
    return self.render(context)
  File "/Library/Frameworks/Python.framework/Versions/3.10/lib/python3.10/site-packages/django/template/library.py", line 239, in render
    output = self.func(*resolved_args, **resolved_kwargs)
  File "/Library/Frameworks/Python.framework/Versions/3.10/lib/python3.10/site-packages/webpack_loader/templatetags/webpack_loader.py", line 12, in render_bundle
    tags = utils.get_as_tags(bundle_name, extension=extension, config=config, attrs=attrs)
  File "/Library/Frameworks/Python.framework/Versions/3.10/lib/python3.10/site-packages/webpack_loader/utils.py", line 62, in get_as_tags
    bundle = _get_bundle(bundle_name, extension, config)
  File "/Library/Frameworks/Python.framework/Versions/3.10/lib/python3.10/site-packages/webpack_loader/utils.py", line 40, in _get_bundle
    bundle = get_loader(config).get_bundle(bundle_name)
  File "/Library/Frameworks/Python.framework/Versions/3.10/lib/python3.10/site-packages/webpack_loader/loader.py", line 96, in get_bundle
    raise WebpackError(error)
webpack_loader.exceptions.WebpackError: 
            ModuleBuildError in 
            Module build failed (from ./node_modules/babel-loader/lib/index.js):
SyntaxError: /Users/deniskanukov/online_reception_of_appeals/mysite/frontend/src/components/DragndropTable.vue: Unexpected token (14:61)

  12 |   data() {
  13 |     return {
> 14 |       newTicketsProp: this.tickets.filter((ticket) => ticket.),
     |                                                              ^
  15 |       inProgressTickets: [],
  16 |       closedTickets: [],
  17 |     }
    at instantiate (/Users/deniskanukov/online_reception_of_appeals/mysite/frontend/node_modules/@babel/parser/lib/index.js:67:32)
    at constructor (/Users/deniskanukov/online_reception_of_appeals/mysite/frontend/node_modules/@babel/parser/lib/index.js:364:12)
    at JSXParserMixin.raise (/Users/deniskanukov/online_reception_of_appeals/mysite/frontend/node_modules/@babel/parser/lib/index.js:3364:19)
    at JSXParserMixin.unexpected (/Users/deniskanukov/online_reception_of_appeals/mysite/frontend/node_modules/@babel/parser/lib/index.js:3397:16)
    at JSXParserMixin.parseIdentifierName (/Users/deniskanukov/online_reception_of_appeals/mysite/frontend/node_modules/@babel/parser/lib/index.js:12404:18)
    at JSXParserMixin.parseIdentifier (/Users/deniskanukov/online_reception_of_appeals/mysite/frontend/node_modules/@babel/parser/lib/index.js:12387:23)
    at JSXParserMixin.parseMember (/Users/deniskanukov/online_reception_of_appeals/mysite/frontend/node_modules/@babel/parser/lib/index.js:11238:28)
    at JSXParserMixin.parseSubscript (/Users/deniskanukov/online_reception_of_appeals/mysite/frontend/node_modules/@babel/parser/lib/index.js:11214:21)
    at JSXParserMixin.parseSubscripts (/Users/deniskanukov/online_reception_of_appeals/mysite/frontend/node_modules/@babel/parser/lib/index.js:11184:19)
    at JSXParserMixin.parseExprSubscripts (/Users/deniskanukov/online_reception_of_appeals/mysite/frontend/node_modules/@babel/parser/lib/index.js:11175:17)
    at JSXParserMixin.parseUpdate (/Users/deniskanukov/online_reception_of_appeals/mysite/frontend/node_modules/@babel/parser/lib/index.js:11153:21)
    at JSXParserMixin.parseMaybeUnary (/Users/deniskanukov/online_reception_of_appeals/mysite/frontend/node_modules/@babel/parser/lib/index.js:11127:23)
    at JSXParserMixin.parseMaybeUnaryOrPrivate (/Users/deniskanukov/online_reception_of_appeals/mysite/frontend/node_modules/@babel/parser/lib/index.js:10956:61)
    at JSXParserMixin.parseExprOps (/Users/deniskanukov/online_reception_of_appeals/mysite/frontend/node_modules/@babel/parser/lib/index.js:10962:23)
    at JSXParserMixin.parseMaybeConditional (/Users/deniskanukov/online_reception_of_appeals/mysite/frontend/node_modules/@babel/parser/lib/index.js:10937:23)
    at JSXParserMixin.parseMaybeAssign (/Users/deniskanukov/online_reception_of_appeals/mysite/frontend/node_modules/@babel/parser/lib/index.js:10895:21)
    at JSXParserMixin.parseFunctionBody (/Users/deniskanukov/online_reception_of_appeals/mysite/frontend/node_modules/@babel/parser/lib/index.js:12279:24)
    at JSXParserMixin.parseArrowExpression (/Users/deniskanukov/online_reception_of_appeals/mysite/frontend/node_modules/@babel/parser/lib/index.js:12260:10)
    at JSXParserMixin.parseParenAndDistinguishExpression (/Users/deniskanukov/online_reception_of_appeals/mysite/frontend/node_modules/@babel/parser/lib/index.js:11829:12)
    at JSXParserMixin.parseExprAtom (/Users/deniskanukov/online_reception_of_appeals/mysite/frontend/node_modules/@babel/parser/lib/index.js:11446:23)
    at JSXParserMixin.parseExprAtom (/Users/deniskanukov/online_reception_of_appeals/mysite/frontend/node_modules/@babel/parser/lib/index.js:7238:20)
    at JSXParserMixin.parseExprSubscripts (/Users/deniskanukov/online_reception_of_appeals/mysite/frontend/node_modules/@babel/parser/lib/index.js:11171:23)
    at JSXParserMixin.parseUpdate (/Users/deniskanukov/online_reception_of_appeals/mysite/frontend/node_modules/@babel/parser/lib/index.js:11153:21)
    at JSXParserMixin.parseMaybeUnary (/Users/deniskanukov/online_reception_of_appeals/mysite/frontend/node_modules/@babel/parser/lib/index.js:11127:23)
    at JSXParserMixin.parseMaybeUnaryOrPrivate (/Users/deniskanukov/online_reception_of_appeals/mysite/frontend/node_modules/@babel/parser/lib/index.js:10956:61)
    at JSXParserMixin.parseExprOps (/Users/deniskanukov/online_reception_of_appeals/mysite/frontend/node_modules/@babel/parser/lib/index.js:10962:23)
    at JSXParserMixin.parseMaybeConditional (/Users/deniskanukov/online_reception_of_appeals/mysite/frontend/node_modules/@babel/parser/lib/index.js:10937:23)
    at JSXParserMixin.parseMaybeAssign (/Users/deniskanukov/online_reception_of_appeals/mysite/frontend/node_modules/@babel/parser/lib/index.js:10895:21)
    at /Users/deniskanukov/online_reception_of_appeals/mysite/frontend/node_modules/@babel/parser/lib/index.js:10863:39
    at JSXParserMixin.allowInAnd (/Users/deniskanukov/online_reception_of_appeals/mysite/frontend/node_modules/@babel/parser/lib/index.js:12640:12)
    at JSXParserMixin.parseMaybeAssignAllowIn (/Users/deniskanukov/online_reception_of_appeals/mysite/frontend/node_modules/@babel/parser/lib/index.js:10863:17)
    at JSXParserMixin.parseExprListItem (/Users/deniskanukov/online_reception_of_appeals/mysite/frontend/node_modules/@babel/parser/lib/index.js:12380:18)
    at JSXParserMixin.parseCallExpressionArguments (/Users/deniskanukov/online_reception_of_appeals/mysite/frontend/node_modules/@babel/parser/lib/index.js:11367:22)
    at JSXParserMixin.parseCoverCallAndAsyncArrowHead (/Users/deniskanukov/online_reception_of_appeals/mysite/frontend/node_modules/@babel/parser/lib/index.js:11279:29)
    at JSXParserMixin.parseSubscript (/Users/deniskanukov/online_reception_of_appeals/mysite/frontend/node_modules/@babel/parser/lib/index.js:11210:19)
    at JSXParserMixin.parseSubscripts (/Users/deniskanukov/online_reception_of_appeals/mysite/frontend/node_modules/@babel/parser/lib/index.js:11184:19)
    at JSXParserMixin.parseExprSubscripts (/Users/deniskanukov/online_reception_of_appeals/mysite/frontend/node_modules/@babel/parser/lib/index.js:11175:17)
    at JSXParserMixin.parseUpdate (/Users/deniskanukov/online_reception_of_appeals/mysite/frontend/node_modules/@babel/parser/lib/index.js:11153:21)
    at JSXParserMixin.parseMaybeUnary (/Users/deniskanukov/online_reception_of_appeals/mysite/frontend/node_modules/@babel/parser/lib/index.js:11127:23)
    at JSXParserMixin.parseMaybeUnaryOrPrivate (/Users/deniskanukov/online_reception_of_appeals/mysite/frontend/node_modules/@babel/parser/lib/index.js:10956:61)
    at JSXParserMixin.parseExprOps (/Users/deniskanukov/online_reception_of_appeals/mysite/frontend/node_modules/@babel/parser/lib/index.js:10962:23)
    at JSXParserMixin.parseMaybeConditional (/Users/deniskanukov/online_reception_of_appeals/mysite/frontend/node_modules/@babel/parser/lib/index.js:10937:23)
    at JSXParserMixin.parseMaybeAssign (/Users/deniskanukov/online_reception_of_appeals/mysite/frontend/node_modules/@babel/parser/lib/index.js:10895:21)
    at /Users/deniskanukov/online_reception_of_appeals/mysite/frontend/node_modules/@babel/parser/lib/index.js:10863:39
    at JSXParserMixin.allowInAnd (/Users/deniskanukov/online_reception_of_appeals/mysite/frontend/node_modules/@babel/parser/lib/index.js:12640:12)
    at JSXParserMixin.parseMaybeAssignAllowIn (/Users/deniskanukov/online_reception_of_appeals/mysite/frontend/node_modules/@babel/parser/lib/index.js:10863:17)
    at JSXParserMixin.parseObjectProperty (/Users/deniskanukov/online_reception_of_appeals/mysite/frontend/node_modules/@babel/parser/lib/index.js:12127:83)
    at JSXParserMixin.parseObjPropValue (/Users/deniskanukov/online_reception_of_appeals/mysite/frontend/node_modules/@babel/parser/lib/index.js:12154:100)
    at JSXParserMixin.parsePropertyDefinition (/Users/deniskanukov/online_reception_of_appeals/mysite/frontend/node_modules/@babel/parser/lib/index.js:12083:17)
    at JSXParserMixin.parseObjectLike (/Users/deniskanukov/online_reception_of_appeals/mysite/frontend/node_modules/@babel/parser/lib/index.js:11993:21)
            
2023-01-05 14:48:07,703 ERROR "GET /appeal/ HTTP/1.1" 500 171643
2023-01-05 14:48:08,668 ERROR Internal Server Error: /appeal/
Traceback (most recent call last):
  File "/Library/Frameworks/Python.framework/Versions/3.10/lib/python3.10/site-packages/django/core/handlers/exception.py", line 55, in inner
    response = get_response(request)
  File "/Library/Frameworks/Python.framework/Versions/3.10/lib/python3.10/site-packages/django/core/handlers/base.py", line 220, in _get_response
    response = response.render()
  File "/Library/Frameworks/Python.framework/Versions/3.10/lib/python3.10/site-packages/django/template/response.py", line 114, in render
    self.content = self.rendered_content
  File "/Library/Frameworks/Python.framework/Versions/3.10/lib/python3.10/site-packages/django/template/response.py", line 92, in rendered_content
    return template.render(context, self._request)
  File "/Library/Frameworks/Python.framework/Versions/3.10/lib/python3.10/site-packages/django/template/backends/django.py", line 62, in render
    return self.template.render(context)
  File "/Library/Frameworks/Python.framework/Versions/3.10/lib/python3.10/site-packages/django/template/base.py", line 175, in render
    return self._render(context)
  File "/Library/Frameworks/Python.framework/Versions/3.10/lib/python3.10/site-packages/django/template/base.py", line 167, in _render
    return self.nodelist.render(context)
  File "/Library/Frameworks/Python.framework/Versions/3.10/lib/python3.10/site-packages/django/template/base.py", line 1000, in render
    return SafeString("".join([node.render_annotated(context) for node in self]))
  File "/Library/Frameworks/Python.framework/Versions/3.10/lib/python3.10/site-packages/django/template/base.py", line 1000, in <listcomp>
    return SafeString("".join([node.render_annotated(context) for node in self]))
  File "/Library/Frameworks/Python.framework/Versions/3.10/lib/python3.10/site-packages/django/template/base.py", line 958, in render_annotated
    return self.render(context)
  File "/Library/Frameworks/Python.framework/Versions/3.10/lib/python3.10/site-packages/django/template/library.py", line 239, in render
    output = self.func(*resolved_args, **resolved_kwargs)
  File "/Library/Frameworks/Python.framework/Versions/3.10/lib/python3.10/site-packages/webpack_loader/templatetags/webpack_loader.py", line 12, in render_bundle
    tags = utils.get_as_tags(bundle_name, extension=extension, config=config, attrs=attrs)
  File "/Library/Frameworks/Python.framework/Versions/3.10/lib/python3.10/site-packages/webpack_loader/utils.py", line 62, in get_as_tags
    bundle = _get_bundle(bundle_name, extension, config)
  File "/Library/Frameworks/Python.framework/Versions/3.10/lib/python3.10/site-packages/webpack_loader/utils.py", line 40, in _get_bundle
    bundle = get_loader(config).get_bundle(bundle_name)
  File "/Library/Frameworks/Python.framework/Versions/3.10/lib/python3.10/site-packages/webpack_loader/loader.py", line 96, in get_bundle
    raise WebpackError(error)
webpack_loader.exceptions.WebpackError: 
            ModuleBuildError in 
            Module build failed (from ./node_modules/babel-loader/lib/index.js):
SyntaxError: /Users/deniskanukov/online_reception_of_appeals/mysite/frontend/src/components/DragndropTable.vue: Unexpected token (14:61)

  12 |   data() {
  13 |     return {
> 14 |       newTicketsProp: this.tickets.filter((ticket) => ticket.),
     |                                                              ^
  15 |       inProgressTickets: [],
  16 |       closedTickets: [],
  17 |     }
    at instantiate (/Users/deniskanukov/online_reception_of_appeals/mysite/frontend/node_modules/@babel/parser/lib/index.js:67:32)
    at constructor (/Users/deniskanukov/online_reception_of_appeals/mysite/frontend/node_modules/@babel/parser/lib/index.js:364:12)
    at JSXParserMixin.raise (/Users/deniskanukov/online_reception_of_appeals/mysite/frontend/node_modules/@babel/parser/lib/index.js:3364:19)
    at JSXParserMixin.unexpected (/Users/deniskanukov/online_reception_of_appeals/mysite/frontend/node_modules/@babel/parser/lib/index.js:3397:16)
    at JSXParserMixin.parseIdentifierName (/Users/deniskanukov/online_reception_of_appeals/mysite/frontend/node_modules/@babel/parser/lib/index.js:12404:18)
    at JSXParserMixin.parseIdentifier (/Users/deniskanukov/online_reception_of_appeals/mysite/frontend/node_modules/@babel/parser/lib/index.js:12387:23)
    at JSXParserMixin.parseMember (/Users/deniskanukov/online_reception_of_appeals/mysite/frontend/node_modules/@babel/parser/lib/index.js:11238:28)
    at JSXParserMixin.parseSubscript (/Users/deniskanukov/online_reception_of_appeals/mysite/frontend/node_modules/@babel/parser/lib/index.js:11214:21)
    at JSXParserMixin.parseSubscripts (/Users/deniskanukov/online_reception_of_appeals/mysite/frontend/node_modules/@babel/parser/lib/index.js:11184:19)
    at JSXParserMixin.parseExprSubscripts (/Users/deniskanukov/online_reception_of_appeals/mysite/frontend/node_modules/@babel/parser/lib/index.js:11175:17)
    at JSXParserMixin.parseUpdate (/Users/deniskanukov/online_reception_of_appeals/mysite/frontend/node_modules/@babel/parser/lib/index.js:11153:21)
    at JSXParserMixin.parseMaybeUnary (/Users/deniskanukov/online_reception_of_appeals/mysite/frontend/node_modules/@babel/parser/lib/index.js:11127:23)
    at JSXParserMixin.parseMaybeUnaryOrPrivate (/Users/deniskanukov/online_reception_of_appeals/mysite/frontend/node_modules/@babel/parser/lib/index.js:10956:61)
    at JSXParserMixin.parseExprOps (/Users/deniskanukov/online_reception_of_appeals/mysite/frontend/node_modules/@babel/parser/lib/index.js:10962:23)
    at JSXParserMixin.parseMaybeConditional (/Users/deniskanukov/online_reception_of_appeals/mysite/frontend/node_modules/@babel/parser/lib/index.js:10937:23)
    at JSXParserMixin.parseMaybeAssign (/Users/deniskanukov/online_reception_of_appeals/mysite/frontend/node_modules/@babel/parser/lib/index.js:10895:21)
    at JSXParserMixin.parseFunctionBody (/Users/deniskanukov/online_reception_of_appeals/mysite/frontend/node_modules/@babel/parser/lib/index.js:12279:24)
    at JSXParserMixin.parseArrowExpression (/Users/deniskanukov/online_reception_of_appeals/mysite/frontend/node_modules/@babel/parser/lib/index.js:12260:10)
    at JSXParserMixin.parseParenAndDistinguishExpression (/Users/deniskanukov/online_reception_of_appeals/mysite/frontend/node_modules/@babel/parser/lib/index.js:11829:12)
    at JSXParserMixin.parseExprAtom (/Users/deniskanukov/online_reception_of_appeals/mysite/frontend/node_modules/@babel/parser/lib/index.js:11446:23)
    at JSXParserMixin.parseExprAtom (/Users/deniskanukov/online_reception_of_appeals/mysite/frontend/node_modules/@babel/parser/lib/index.js:7238:20)
    at JSXParserMixin.parseExprSubscripts (/Users/deniskanukov/online_reception_of_appeals/mysite/frontend/node_modules/@babel/parser/lib/index.js:11171:23)
    at JSXParserMixin.parseUpdate (/Users/deniskanukov/online_reception_of_appeals/mysite/frontend/node_modules/@babel/parser/lib/index.js:11153:21)
    at JSXParserMixin.parseMaybeUnary (/Users/deniskanukov/online_reception_of_appeals/mysite/frontend/node_modules/@babel/parser/lib/index.js:11127:23)
    at JSXParserMixin.parseMaybeUnaryOrPrivate (/Users/deniskanukov/online_reception_of_appeals/mysite/frontend/node_modules/@babel/parser/lib/index.js:10956:61)
    at JSXParserMixin.parseExprOps (/Users/deniskanukov/online_reception_of_appeals/mysite/frontend/node_modules/@babel/parser/lib/index.js:10962:23)
    at JSXParserMixin.parseMaybeConditional (/Users/deniskanukov/online_reception_of_appeals/mysite/frontend/node_modules/@babel/parser/lib/index.js:10937:23)
    at JSXParserMixin.parseMaybeAssign (/Users/deniskanukov/online_reception_of_appeals/mysite/frontend/node_modules/@babel/parser/lib/index.js:10895:21)
    at /Users/deniskanukov/online_reception_of_appeals/mysite/frontend/node_modules/@babel/parser/lib/index.js:10863:39
    at JSXParserMixin.allowInAnd (/Users/deniskanukov/online_reception_of_appeals/mysite/frontend/node_modules/@babel/parser/lib/index.js:12640:12)
    at JSXParserMixin.parseMaybeAssignAllowIn (/Users/deniskanukov/online_reception_of_appeals/mysite/frontend/node_modules/@babel/parser/lib/index.js:10863:17)
    at JSXParserMixin.parseExprListItem (/Users/deniskanukov/online_reception_of_appeals/mysite/frontend/node_modules/@babel/parser/lib/index.js:12380:18)
    at JSXParserMixin.parseCallExpressionArguments (/Users/deniskanukov/online_reception_of_appeals/mysite/frontend/node_modules/@babel/parser/lib/index.js:11367:22)
    at JSXParserMixin.parseCoverCallAndAsyncArrowHead (/Users/deniskanukov/online_reception_of_appeals/mysite/frontend/node_modules/@babel/parser/lib/index.js:11279:29)
    at JSXParserMixin.parseSubscript (/Users/deniskanukov/online_reception_of_appeals/mysite/frontend/node_modules/@babel/parser/lib/index.js:11210:19)
    at JSXParserMixin.parseSubscripts (/Users/deniskanukov/online_reception_of_appeals/mysite/frontend/node_modules/@babel/parser/lib/index.js:11184:19)
    at JSXParserMixin.parseExprSubscripts (/Users/deniskanukov/online_reception_of_appeals/mysite/frontend/node_modules/@babel/parser/lib/index.js:11175:17)
    at JSXParserMixin.parseUpdate (/Users/deniskanukov/online_reception_of_appeals/mysite/frontend/node_modules/@babel/parser/lib/index.js:11153:21)
    at JSXParserMixin.parseMaybeUnary (/Users/deniskanukov/online_reception_of_appeals/mysite/frontend/node_modules/@babel/parser/lib/index.js:11127:23)
    at JSXParserMixin.parseMaybeUnaryOrPrivate (/Users/deniskanukov/online_reception_of_appeals/mysite/frontend/node_modules/@babel/parser/lib/index.js:10956:61)
    at JSXParserMixin.parseExprOps (/Users/deniskanukov/online_reception_of_appeals/mysite/frontend/node_modules/@babel/parser/lib/index.js:10962:23)
    at JSXParserMixin.parseMaybeConditional (/Users/deniskanukov/online_reception_of_appeals/mysite/frontend/node_modules/@babel/parser/lib/index.js:10937:23)
    at JSXParserMixin.parseMaybeAssign (/Users/deniskanukov/online_reception_of_appeals/mysite/frontend/node_modules/@babel/parser/lib/index.js:10895:21)
    at /Users/deniskanukov/online_reception_of_appeals/mysite/frontend/node_modules/@babel/parser/lib/index.js:10863:39
    at JSXParserMixin.allowInAnd (/Users/deniskanukov/online_reception_of_appeals/mysite/frontend/node_modules/@babel/parser/lib/index.js:12640:12)
    at JSXParserMixin.parseMaybeAssignAllowIn (/Users/deniskanukov/online_reception_of_appeals/mysite/frontend/node_modules/@babel/parser/lib/index.js:10863:17)
    at JSXParserMixin.parseObjectProperty (/Users/deniskanukov/online_reception_of_appeals/mysite/frontend/node_modules/@babel/parser/lib/index.js:12127:83)
    at JSXParserMixin.parseObjPropValue (/Users/deniskanukov/online_reception_of_appeals/mysite/frontend/node_modules/@babel/parser/lib/index.js:12154:100)
    at JSXParserMixin.parsePropertyDefinition (/Users/deniskanukov/online_reception_of_appeals/mysite/frontend/node_modules/@babel/parser/lib/index.js:12083:17)
    at JSXParserMixin.parseObjectLike (/Users/deniskanukov/online_reception_of_appeals/mysite/frontend/node_modules/@babel/parser/lib/index.js:11993:21)
            
2023-01-05 14:48:08,750 ERROR "GET /appeal/ HTTP/1.1" 500 171644
2023-01-05 14:48:27,518 WARNING Not Found: /appeal/<%= BASE_URL %>favicon.ico
2023-01-05 14:48:27,522 WARNING "GET /appeal/%3C%=%20BASE_URL%20%%3Efavicon.ico HTTP/1.1" 404 5872
2023-01-05 14:49:42,466 WARNING Not Found: /appeal/<%= BASE_URL %>favicon.ico
2023-01-05 14:49:42,467 WARNING "GET /appeal/%3C%=%20BASE_URL%20%%3Efavicon.ico HTTP/1.1" 404 5872
2023-01-05 14:50:11,513 WARNING Not Found: /appeal/<%= BASE_URL %>favicon.ico
2023-01-05 14:50:11,515 WARNING "GET /appeal/%3C%=%20BASE_URL%20%%3Efavicon.ico HTTP/1.1" 404 5872
2023-01-05 14:59:40,111 WARNING Not Found: /appeal/<%= BASE_URL %>favicon.ico
2023-01-05 14:59:40,113 WARNING "GET /appeal/%3C%=%20BASE_URL%20%%3Efavicon.ico HTTP/1.1" 404 5872
2023-01-05 15:00:12,917 WARNING Not Found: /appeal/<%= BASE_URL %>favicon.ico
2023-01-05 15:00:12,918 WARNING "GET /appeal/%3C%=%20BASE_URL%20%%3Efavicon.ico HTTP/1.1" 404 5872
2023-01-05 15:01:08,634 WARNING Not Found: /appeal/<%= BASE_URL %>favicon.ico
2023-01-05 15:01:08,635 WARNING "GET /appeal/%3C%=%20BASE_URL%20%%3Efavicon.ico HTTP/1.1" 404 5872
2023-01-05 15:02:36,873 WARNING Not Found: /appeal/<%= BASE_URL %>favicon.ico
2023-01-05 15:02:36,875 WARNING "GET /appeal/%3C%=%20BASE_URL%20%%3Efavicon.ico HTTP/1.1" 404 5872
2023-01-05 15:03:47,013 WARNING Not Found: /appeal/<%= BASE_URL %>favicon.ico
2023-01-05 15:03:47,015 WARNING "GET /appeal/%3C%=%20BASE_URL%20%%3Efavicon.ico HTTP/1.1" 404 5872
2023-01-05 15:03:52,838 WARNING Not Found: /appeal/<%= BASE_URL %>favicon.ico
2023-01-05 15:03:52,839 WARNING "GET /appeal/%3C%=%20BASE_URL%20%%3Efavicon.ico HTTP/1.1" 404 5872
